2023/07/24 03:43:53 Started the app.
2023/07/24 03:43:53 Server running at port 8080
2023/07/24 03:45:51 Started the app.
2023/07/24 03:45:51 Server running at port 8080
2023/07/24 03:57:54 Started the app.
2023/07/24 03:57:54 Server running at port 8080
2023/07/24 03:58:12 starting wf 9
Cleared the generated folder for new execution!
Started analysis of demo.fastq
Approx 5% complete for demo.fastq
Approx 10% complete for demo.fastq
Approx 15% complete for demo.fastq
Approx 20% complete for demo.fastq
Approx 25% complete for demo.fastq
Approx 30% complete for demo.fastq
Approx 35% complete for demo.fastq
Approx 40% complete for demo.fastq
Approx 45% complete for demo.fastq
Approx 50% complete for demo.fastq
Approx 55% complete for demo.fastq
Approx 60% complete for demo.fastq
Approx 65% complete for demo.fastq
Approx 70% complete for demo.fastq
Approx 75% complete for demo.fastq
Approx 80% complete for demo.fastq
Approx 85% complete for demo.fastq
Approx 90% complete for demo.fastq
Approx 95% complete for demo.fastq
Approx 100% complete for demo.fastq
Analysis complete for demo.fastq
/app/workflow/rna.sh: line 21: trimmomatic: command not found
2023/07/24 03:58:56 Started the app.
2023/07/24 03:58:56 Server running at port 8080
2023/07/24 03:58:58 starting wf 10
2023/07/24 03:58:58 failed to start the script: exec: "sudo": executable file not found in $PATH
2023/07/24 03:59:20 Started the app.
2023/07/24 03:59:20 Server running at port 8080
2023/07/24 04:05:08 Started the app.
2023/07/24 04:05:08 Server running at port 8080
2023/07/24 04:05:09 Started the app.
2023/07/24 04:05:09 Server running at port 8080
2023/07/24 04:05:19 starting wf 11
2023/07/24 04:05:19 http: panic serving 172.21.0.1:56470: runtime error: invalid memory address or nil pointer dereference
goroutine 33 [running]:
net/http.(*conn).serve.func1()
	/usr/local/go/src/net/http/server.go:1854 +0xbf
panic({0x6bdd60, 0x9288b0})
	/usr/local/go/src/runtime/panic.go:890 +0x263
vec-node/internal/workflow.(*Service).StartExecution(0xc000062180, {0x7836f8?, 0xc0000a6420}, 0xb)
	/app/internal/workflow/workflow.go:51 +0x1a4
vec-node/internal/api.(*Handler).SaveWorkflow(0xc00006e1e0, {0x783470, 0xc0000dc000}, 0xc0000ca200)
	/app/internal/api/handler.go:167 +0x1aa
net/http.HandlerFunc.ServeHTTP(0xc0000ca100?, {0x783470?, 0xc0000dc000?}, 0x800?)
	/usr/local/go/src/net/http/server.go:2122 +0x2f
github.com/gorilla/mux.(*Router).ServeHTTP(0xc0000000c0, {0x783470, 0xc0000dc000}, 0xc0000ca000)
	/go/pkg/mod/github.com/gorilla/mux@v1.8.0/mux.go:210 +0x1cf
net/http.serverHandler.ServeHTTP({0x782728?}, {0x783470, 0xc0000dc000}, 0xc0000ca000)
	/usr/local/go/src/net/http/server.go:2936 +0x316
net/http.(*conn).serve(0xc0000c4000, {0x7836f8, 0xc0000a6180})
	/usr/local/go/src/net/http/server.go:1995 +0x612
created by net/http.(*Server).Serve
	/usr/local/go/src/net/http/server.go:3089 +0x5ed
2023/07/24 04:06:05 Started the app.
2023/07/24 04:06:05 Server running at port 8080
2023/07/24 04:06:11 starting wf 12
2023/07/24 04:06:11 http: panic serving 172.21.0.1:37790: runtime error: invalid memory address or nil pointer dereference
goroutine 33 [running]:
net/http.(*conn).serve.func1()
	/usr/local/go/src/net/http/server.go:1854 +0xbf
panic({0x6bdd60, 0x9288b0})
	/usr/local/go/src/runtime/panic.go:890 +0x263
vec-node/internal/workflow.(*Service).StartExecution(0xc000062180, {0x7836f8?, 0xc0000a6420}, 0xc)
	/app/internal/workflow/workflow.go:51 +0x1a4
vec-node/internal/api.(*Handler).SaveWorkflow(0xc00006e1e0, {0x783470, 0xc0000dc000}, 0xc0000ca200)
	/app/internal/api/handler.go:167 +0x1aa
net/http.HandlerFunc.ServeHTTP(0xc0000ca100?, {0x783470?, 0xc0000dc000?}, 0x800?)
	/usr/local/go/src/net/http/server.go:2122 +0x2f
github.com/gorilla/mux.(*Router).ServeHTTP(0xc0000000c0, {0x783470, 0xc0000dc000}, 0xc0000ca000)
	/go/pkg/mod/github.com/gorilla/mux@v1.8.0/mux.go:210 +0x1cf
net/http.serverHandler.ServeHTTP({0x782728?}, {0x783470, 0xc0000dc000}, 0xc0000ca000)
	/usr/local/go/src/net/http/server.go:2936 +0x316
net/http.(*conn).serve(0xc0000c4000, {0x7836f8, 0xc0000a6180})
	/usr/local/go/src/net/http/server.go:1995 +0x612
created by net/http.(*Server).Serve
	/usr/local/go/src/net/http/server.go:3089 +0x5ed
2023/07/24 04:07:15 Started the app.
2023/07/24 04:07:15 Server running at port 8080
2023/07/24 04:07:47 Started the app.
2023/07/24 04:07:47 Server running at port 8080
2023/07/24 04:09:50 Started the app.
2023/07/24 04:09:50 Server running at port 8080
2023/07/24 04:10:53 Started the app.
2023/07/24 04:10:53 Server running at port 8080
2023/07/24 04:11:07 starting wf 13
Cleared the generated folder for new execution!
null
Started analysis of demo.fastq
Approx 5% complete for demo.fastq
Approx 10% complete for demo.fastq
Approx 15% complete for demo.fastq
Approx 20% complete for demo.fastq
Approx 25% complete for demo.fastq
Approx 30% complete for demo.fastq
Approx 35% complete for demo.fastq
Approx 40% complete for demo.fastq
Approx 45% complete for demo.fastq
Approx 50% complete for demo.fastq
Approx 55% complete for demo.fastq
Approx 60% complete for demo.fastq
Approx 65% complete for demo.fastq
Approx 70% complete for demo.fastq
Approx 75% complete for demo.fastq
Approx 80% complete for demo.fastq
Approx 85% complete for demo.fastq
Approx 90% complete for demo.fastq
Approx 95% complete for demo.fastq
Approx 100% complete for demo.fastq
Analysis complete for demo.fastq
TrimmomaticSE: Started with arguments:
 -threads 4 ./workflow/data/demo.fastq ./workflow/data/generated/demo_trimmed.fastq TRAILING:10 -phred33
Input Reads: 1250000 Surviving: 1249800 (99.98%) Dropped: 200 (0.02%)
TrimmomaticSE: Completed successfully
Trimmomatic finished running!
null
Started analysis of demo_trimmed.fastq
Approx 5% complete for demo_trimmed.fastq
Approx 10% complete for demo_trimmed.fastq
Approx 15% complete for demo_trimmed.fastq
Approx 20% complete for demo_trimmed.fastq
Approx 25% complete for demo_trimmed.fastq
Approx 30% complete for demo_trimmed.fastq
Approx 35% complete for demo_trimmed.fastq
Approx 40% complete for demo_trimmed.fastq
Approx 45% complete for demo_trimmed.fastq
Approx 50% complete for demo_trimmed.fastq
Approx 55% complete for demo_trimmed.fastq
Approx 60% complete for demo_trimmed.fastq
Approx 65% complete for demo_trimmed.fastq
Approx 70% complete for demo_trimmed.fastq
Approx 75% complete for demo_trimmed.fastq
Approx 80% complete for demo_trimmed.fastq
Approx 85% complete for demo_trimmed.fastq
Approx 90% complete for demo_trimmed.fastq
Approx 95% complete for demo_trimmed.fastq
Analysis complete for demo_trimmed.fastq
Killed
(ERR): hisat2-align exited with value 137
samtools sort: failed to read header from "-"
2023/07/24 04:37:46 starting wf 14
Cleared the generated folder for new execution!
null
Started analysis of demo.fastq
Approx 5% complete for demo.fastq
Approx 10% complete for demo.fastq
Approx 15% complete for demo.fastq
Approx 20% complete for demo.fastq
Approx 25% complete for demo.fastq
Approx 30% complete for demo.fastq
Approx 35% complete for demo.fastq
Approx 40% complete for demo.fastq
Approx 45% complete for demo.fastq
Approx 50% complete for demo.fastq
Approx 55% complete for demo.fastq
Approx 60% complete for demo.fastq
Approx 65% complete for demo.fastq
Approx 70% complete for demo.fastq
Approx 75% complete for demo.fastq
Approx 80% complete for demo.fastq
Approx 85% complete for demo.fastq
Approx 90% complete for demo.fastq
Approx 95% complete for demo.fastq
Approx 100% complete for demo.fastq
Analysis complete for demo.fastq
TrimmomaticSE: Started with arguments:
 -threads 4 ./workflow/data/demo.fastq ./workflow/data/generated/demo_trimmed.fastq TRAILING:10 -phred33
Input Reads: 1250000 Surviving: 1249800 (99.98%) Dropped: 200 (0.02%)
TrimmomaticSE: Completed successfully
Trimmomatic finished running!
null
Started analysis of demo_trimmed.fastq
Approx 5% complete for demo_trimmed.fastq
Approx 10% complete for demo_trimmed.fastq
Approx 15% complete for demo_trimmed.fastq
Approx 20% complete for demo_trimmed.fastq
Approx 25% complete for demo_trimmed.fastq
Approx 30% complete for demo_trimmed.fastq
Approx 35% complete for demo_trimmed.fastq
Approx 40% complete for demo_trimmed.fastq
Approx 45% complete for demo_trimmed.fastq
Approx 50% complete for demo_trimmed.fastq
Approx 55% complete for demo_trimmed.fastq
Approx 60% complete for demo_trimmed.fastq
Approx 65% complete for demo_trimmed.fastq
Approx 70% complete for demo_trimmed.fastq
Approx 75% complete for demo_trimmed.fastq
Approx 80% complete for demo_trimmed.fastq
Approx 85% complete for demo_trimmed.fastq
Approx 90% complete for demo_trimmed.fastq
Approx 95% complete for demo_trimmed.fastq
Analysis complete for demo_trimmed.fastq
1249800 reads; of these:
  1249800 (100.00%) were unpaired; of these:
    86563 (6.93%) aligned 0 times
    1082380 (86.60%) aligned exactly 1 time
    80857 (6.47%) aligned >1 times
93.07% overall alignment rate
HISAT2 finished running!

        ==========     _____ _    _ ____  _____  ______          _____  
        =====         / ____| |  | |  _ \|  __ \|  ____|   /\   |  __ \ 
          =====      | (___ | |  | | |_) | |__) | |__     /  \  | |  | |
            ====      \___ \| |  | |  _ <|  _  /|  __|   / /\ \ | |  | |
              ====    ____) | |__| | |_) | | \ \| |____ / ____ \| |__| |
        ==========   |_____/ \____/|____/|_|  \_\______/_/    \_\_____/
	  v2.0.3

//========================== featureCounts setting ===========================\\
||                                                                            ||
||             Input files : 1 BAM file                                       ||
||                                                                            ||
||                           demo_trimmed.bam                                 ||
||                                                                            ||
||             Output file : demo_featurecounts.txt                           ||
||                 Summary : demo_featurecounts.txt.summary                   ||
||              Paired-end : no                                               ||
||        Count read pairs : no                                               ||
||              Annotation : Homo_sapiens.GRCh38.106.gtf (GTF)                ||
||      Dir for temp files : ./workflow/data/generated/quants                 ||
||                                                                            ||
||                 Threads : 1                                                ||
||                   Level : meta-feature level                               ||
||      Multimapping reads : not counted                                      ||
|| Multi-overlapping reads : not counted                                      ||
||   Min overlapping bases : 1                                                ||
||                                                                            ||
\\============================================================================//

//================================= Running ==================================\\
||                                                                            ||
|| Load annotation file Homo_sapiens.GRCh38.106.gtf ...                       ||
||    Features : 1572538                                                      ||
||    Meta-features : 61552                                                   ||
||    Chromosomes/contigs : 47                                                ||
||                                                                            ||
|| Process BAM file demo_trimmed.bam...                                       ||
||    Single-end reads are included.                                          ||
||    Total alignments : 1430243                                              ||
||    Successfully assigned alignments : 880594 (61.6%)                       ||
||    Running time : 0.04 minutes                                             ||
||                                                                            ||
|| Write the final count table.                                               ||
|| Write the read assignment summary.                                         ||
||                                                                            ||
|| Summary of counting results can be found in file "./workflow/data/generat  ||
|| ed/quants/demo_featurecounts.txt.summary"                                  ||
||                                                                            ||
\\============================================================================//

featureCounts finished running!
1 minutes and 41 seconds elapsed.
2023/07/24 04:44:39 Started the app.
2023/07/24 04:44:39 Server running at port 8080
2023/07/24 04:44:52 Started the app.
2023/07/24 04:44:52 Server running at port 8080
2023/07/24 04:45:21 Started the app.
2023/07/24 04:45:21 Server running at port 8080
2023/07/24 04:46:17 starting wf 15
2023/07/24 04:46:17 Preparing to execute the script...
2023/07/24 04:46:17 Starting the script in the background...
2023/07/24 04:46:17 Script started successfully. Setting up a ticker to monitor the script...
2023/07/24 04:46:17 Script is now being monitored. Execution continues in the background.
2023/07/24 04:46:17 Context has been cancelled, stopping the ticker...
Cleared the generated folder for new execution!
null
Started analysis of demo.fastq
Approx 5% complete for demo.fastq
Approx 10% complete for demo.fastq
Approx 15% complete for demo.fastq
Approx 20% complete for demo.fastq
Approx 25% complete for demo.fastq
Approx 30% complete for demo.fastq
Approx 35% complete for demo.fastq
Approx 40% complete for demo.fastq
Approx 45% complete for demo.fastq
Approx 50% complete for demo.fastq
Approx 55% complete for demo.fastq
Approx 60% complete for demo.fastq
Approx 65% complete for demo.fastq
Approx 70% complete for demo.fastq
Approx 75% complete for demo.fastq
Approx 80% complete for demo.fastq
Approx 85% complete for demo.fastq
Approx 90% complete for demo.fastq
Approx 95% complete for demo.fastq
Approx 100% complete for demo.fastq
Analysis complete for demo.fastq
TrimmomaticSE: Started with arguments:
 -threads 4 ./workflow/data/demo.fastq ./workflow/data/generated/demo_trimmed.fastq TRAILING:10 -phred33
Input Reads: 1250000 Surviving: 1249800 (99.98%) Dropped: 200 (0.02%)
TrimmomaticSE: Completed successfully
Trimmomatic finished running!
null
Started analysis of demo_trimmed.fastq
Approx 5% complete for demo_trimmed.fastq
Approx 10% complete for demo_trimmed.fastq
Approx 15% complete for demo_trimmed.fastq
Approx 20% complete for demo_trimmed.fastq
Approx 25% complete for demo_trimmed.fastq
Approx 30% complete for demo_trimmed.fastq
Approx 35% complete for demo_trimmed.fastq
Approx 40% complete for demo_trimmed.fastq
Approx 45% complete for demo_trimmed.fastq
Approx 50% complete for demo_trimmed.fastq
Approx 55% complete for demo_trimmed.fastq
Approx 60% complete for demo_trimmed.fastq
Approx 65% complete for demo_trimmed.fastq
Approx 70% complete for demo_trimmed.fastq
Approx 75% complete for demo_trimmed.fastq
Approx 80% complete for demo_trimmed.fastq
Approx 85% complete for demo_trimmed.fastq
Approx 90% complete for demo_trimmed.fastq
Approx 95% complete for demo_trimmed.fastq
Analysis complete for demo_trimmed.fastq
Killed
(ERR): hisat2-align exited with value 137
[W::sam_read1_sam] Parse error at line 846909
samtools sort: truncated file. Aborting
