Cleared the generated folder for new execution!
Started analysis of demo.fastq
Approx 5% complete for demo.fastq
Approx 10% complete for demo.fastq
Approx 15% complete for demo.fastq
Approx 20% complete for demo.fastq
Approx 25% complete for demo.fastq
Approx 30% complete for demo.fastq
Approx 35% complete for demo.fastq
Approx 40% complete for demo.fastq
Approx 45% complete for demo.fastq
Approx 50% complete for demo.fastq
Approx 55% complete for demo.fastq
Approx 60% complete for demo.fastq
Approx 65% complete for demo.fastq
Approx 70% complete for demo.fastq
Approx 75% complete for demo.fastq
Approx 80% complete for demo.fastq
Approx 85% complete for demo.fastq
Approx 90% complete for demo.fastq
Approx 95% complete for demo.fastq
Approx 100% complete for demo.fastq
Analysis complete for demo.fastq
/app/workflow/rna.sh: line 21: trimmomatic: command not found
